2026-01-27 16:45:22,780 - FedTGP - INFO - Log file: G:\wang\2026.1.23fedproto and fedtgp\FedML-master\FedML-master\fedml_fedtgp\logs\fedtgp_20260127_164522.log
2026-01-27 16:45:22,795 - FedTGP - INFO - Log file: G:\wang\2026.1.23fedproto and fedtgp\FedML-master\FedML-master\fedml_fedtgp\logs\fedtgp_20260127_164522.log
2026-01-27 16:45:22,798 - FedTGP - INFO - Log file: G:\wang\2026.1.23fedproto and fedtgp\FedML-master\FedML-master\fedml_fedtgp\logs\fedtgp_20260127_164522.log
2026-01-27 16:45:22,801 - FedTGP - INFO - Log file: G:\wang\2026.1.23fedproto and fedtgp\FedML-master\FedML-master\fedml_fedtgp\logs\fedtgp_20260127_164522.log
2026-01-27 16:45:22,810 - FedTGP - INFO - Log file: G:\wang\2026.1.23fedproto and fedtgp\FedML-master\FedML-master\fedml_fedtgp\logs\fedtgp_20260127_164522.log
2026-01-27 16:45:29,799 - ./logs\fedml-run-0-edge-0.log - INFO - args.rank = 4, args.process_id = 4, args.worker_num = 5
2026-01-27 16:45:29,801 - ./logs\fedml-run-0-edge-0.log - INFO -  !!!!!!!!!!!!!!!!!!!!!!!!!!!!!!!!!!!!!!!!!!!!!!!!!!!!!!!
2026-01-27 16:45:29,802 - ./logs\fedml-run-0-edge-0.log - INFO -  ################## You do not indicate gpu_util_file, will use CPU training  #################
2026-01-27 16:45:29,802 - ./logs\fedml-run-0-edge-0.log - INFO - args = <fedml.arguments.Arguments object at 0x000001DDB56EB7F0>, using_gpu = False, device_id = None, device_type = cpu
2026-01-27 16:45:29,802 - ./logs\fedml-run-0-edge-0.log - INFO - cpu
2026-01-27 16:45:29,803 - ./logs\fedml-run-0-edge-0.log - INFO - device = cpu
2026-01-27 16:45:29,803 - ./logs\fedml-run-0-edge-0.log - INFO - Using device: cpu
2026-01-27 16:45:29,803 - ./logs\fedml-run-0-edge-0.log - INFO - *********partition data***************
2026-01-27 16:45:29,804 - ./logs\fedml-run-0-edge-0.log - INFO - download = True
2026-01-27 16:45:29,804 - ./logs\fedml-run-0-edge-0.log - INFO - 

2026-01-27 16:45:29,822 - ./logs\fedml-run-0-edge-0.log - INFO - args.rank = 1, args.process_id = 1, args.worker_num = 5
2026-01-27 16:45:29,824 - ./logs\fedml-run-0-edge-0.log - INFO -  !!!!!!!!!!!!!!!!!!!!!!!!!!!!!!!!!!!!!!!!!!!!!!!!!!!!!!!
2026-01-27 16:45:29,824 - ./logs\fedml-run-0-edge-0.log - INFO -  ################## You do not indicate gpu_util_file, will use CPU training  #################
2026-01-27 16:45:29,825 - ./logs\fedml-run-0-edge-0.log - INFO - args = <fedml.arguments.Arguments object at 0x0000013C0F72C7F0>, using_gpu = False, device_id = None, device_type = cpu
2026-01-27 16:45:29,825 - ./logs\fedml-run-0-edge-0.log - INFO - cpu
2026-01-27 16:45:29,825 - ./logs\fedml-run-0-edge-0.log - INFO - device = cpu
2026-01-27 16:45:29,825 - ./logs\fedml-run-0-edge-0.log - INFO - Using device: cpu
2026-01-27 16:45:29,825 - ./logs\fedml-run-0-edge-0.log - INFO - *********partition data***************
2026-01-27 16:45:29,826 - ./logs\fedml-run-0-edge-0.log - INFO - download = True
2026-01-27 16:45:29,826 - ./logs\fedml-run-0-edge-0.log - INFO - 

2026-01-27 16:45:29,826 - ./logs\fedml-run-0-edge-0.log - INFO - args.rank = 2, args.process_id = 2, args.worker_num = 5
2026-01-27 16:45:29,828 - ./logs\fedml-run-0-edge-0.log - INFO -  !!!!!!!!!!!!!!!!!!!!!!!!!!!!!!!!!!!!!!!!!!!!!!!!!!!!!!!
2026-01-27 16:45:29,828 - ./logs\fedml-run-0-edge-0.log - INFO -  ################## You do not indicate gpu_util_file, will use CPU training  #################
2026-01-27 16:45:29,828 - ./logs\fedml-run-0-edge-0.log - INFO - args = <fedml.arguments.Arguments object at 0x0000026A7FF3C7F0>, using_gpu = False, device_id = None, device_type = cpu
2026-01-27 16:45:29,828 - ./logs\fedml-run-0-edge-0.log - INFO - args.rank = 0, args.process_id = 0, args.worker_num = 5
2026-01-27 16:45:29,828 - ./logs\fedml-run-0-edge-0.log - INFO - cpu
2026-01-27 16:45:29,828 - ./logs\fedml-run-0-edge-0.log - INFO - device = cpu
2026-01-27 16:45:29,829 - ./logs\fedml-run-0-edge-0.log - INFO - Using device: cpu
2026-01-27 16:45:29,829 - ./logs\fedml-run-0-edge-0.log - INFO - *********partition data***************
2026-01-27 16:45:29,829 - ./logs\fedml-run-0-edge-0.log - INFO - download = True
2026-01-27 16:45:29,829 - ./logs\fedml-run-0-edge-0.log - INFO - 

2026-01-27 16:45:29,829 - ./logs\fedml-run-0-edge-0.log - INFO -  !!!!!!!!!!!!!!!!!!!!!!!!!!!!!!!!!!!!!!!!!!!!!!!!!!!!!!!
2026-01-27 16:45:29,830 - ./logs\fedml-run-0-edge-0.log - INFO -  ################## You do not indicate gpu_util_file, will use CPU training  #################
2026-01-27 16:45:29,830 - ./logs\fedml-run-0-edge-0.log - INFO - args = <fedml.arguments.Arguments object at 0x000001E2E042B7F0>, using_gpu = False, device_id = None, device_type = cpu
2026-01-27 16:45:29,830 - ./logs\fedml-run-0-edge-0.log - INFO - cpu
2026-01-27 16:45:29,830 - ./logs\fedml-run-0-edge-0.log - INFO - device = cpu
2026-01-27 16:45:29,830 - ./logs\fedml-run-0-edge-0.log - INFO - Using device: cpu
2026-01-27 16:45:29,831 - ./logs\fedml-run-0-edge-0.log - INFO - *********partition data***************
2026-01-27 16:45:29,831 - ./logs\fedml-run-0-edge-0.log - INFO - download = True
2026-01-27 16:45:29,831 - ./logs\fedml-run-0-edge-0.log - INFO - 

2026-01-27 16:45:29,851 - ./logs\fedml-run-0-edge-0.log - INFO - args.rank = 3, args.process_id = 3, args.worker_num = 5
2026-01-27 16:45:29,852 - ./logs\fedml-run-0-edge-0.log - INFO -  !!!!!!!!!!!!!!!!!!!!!!!!!!!!!!!!!!!!!!!!!!!!!!!!!!!!!!!
2026-01-27 16:45:29,852 - ./logs\fedml-run-0-edge-0.log - INFO -  ################## You do not indicate gpu_util_file, will use CPU training  #################
2026-01-27 16:45:29,852 - ./logs\fedml-run-0-edge-0.log - INFO - args = <fedml.arguments.Arguments object at 0x000001B7BACFB7F0>, using_gpu = False, device_id = None, device_type = cpu
2026-01-27 16:45:29,852 - ./logs\fedml-run-0-edge-0.log - INFO - cpu
2026-01-27 16:45:29,852 - ./logs\fedml-run-0-edge-0.log - INFO - device = cpu
2026-01-27 16:45:29,852 - ./logs\fedml-run-0-edge-0.log - INFO - Using device: cpu
2026-01-27 16:45:29,853 - ./logs\fedml-run-0-edge-0.log - INFO - *********partition data***************
2026-01-27 16:45:29,853 - ./logs\fedml-run-0-edge-0.log - INFO - download = True
2026-01-27 16:45:29,853 - ./logs\fedml-run-0-edge-0.log - INFO - 

2026-01-27 16:45:31,592 - ./logs\fedml-run-0-edge-0.log - INFO - download = True
2026-01-27 16:45:31,593 - ./logs\fedml-run-0-edge-0.log - INFO - 

2026-01-27 16:45:31,724 - ./logs\fedml-run-0-edge-0.log - INFO - download = True
2026-01-27 16:45:31,724 - ./logs\fedml-run-0-edge-0.log - INFO - 

2026-01-27 16:45:31,727 - ./logs\fedml-run-0-edge-0.log - INFO - download = True
2026-01-27 16:45:31,727 - ./logs\fedml-run-0-edge-0.log - INFO - 

2026-01-27 16:45:31,779 - ./logs\fedml-run-0-edge-0.log - INFO - download = True
2026-01-27 16:45:31,780 - ./logs\fedml-run-0-edge-0.log - INFO - 

2026-01-27 16:45:31,826 - ./logs\fedml-run-0-edge-0.log - INFO - download = True
2026-01-27 16:45:31,826 - ./logs\fedml-run-0-edge-0.log - INFO - 

2026-01-27 16:45:32,953 - ./logs\fedml-run-0-edge-0.log - INFO - N = 50000
2026-01-27 16:45:32,955 - ./logs\fedml-run-0-edge-0.log - INFO - N = 50000
2026-01-27 16:45:32,956 - ./logs\fedml-run-0-edge-0.log - INFO - N = 50000
2026-01-27 16:45:32,959 - ./logs\fedml-run-0-edge-0.log - INFO - N = 50000
2026-01-27 16:45:32,971 - ./logs\fedml-run-0-edge-0.log - INFO - traindata_cls_counts = {0: {0: 1493, 1: 192, 2: 1199, 3: 3354, 4: 1764, 5: 1381, 6: 10, 7: 46, 8: 7, 9: 554}, 1: {0: 1205, 1: 2218, 2: 4, 3: 834, 4: 431, 5: 1338, 6: 2348, 7: 1527, 8: 255, 9: 4445}, 2: {0: 723, 1: 1583, 2: 878, 3: 753, 4: 27, 5: 1287, 6: 824, 7: 1938, 8: 4738}, 3: {0: 1579, 1: 1007, 2: 2919, 3: 59, 4: 2778, 5: 994, 6: 1818, 7: 1489, 9: 1}}
2026-01-27 16:45:32,973 - ./logs\fedml-run-0-edge-0.log - INFO - train_dl_global number = 1562
2026-01-27 16:45:32,973 - ./logs\fedml-run-0-edge-0.log - INFO - test_dl_global number = 312
2026-01-27 16:45:32,973 - ./logs\fedml-run-0-edge-0.log - INFO - client_idx = 0, local_sample_number = 10000
2026-01-27 16:45:32,977 - ./logs\fedml-run-0-edge-0.log - INFO - traindata_cls_counts = {0: {0: 1493, 1: 192, 2: 1199, 3: 3354, 4: 1764, 5: 1381, 6: 10, 7: 46, 8: 7, 9: 554}, 1: {0: 1205, 1: 2218, 2: 4, 3: 834, 4: 431, 5: 1338, 6: 2348, 7: 1527, 8: 255, 9: 4445}, 2: {0: 723, 1: 1583, 2: 878, 3: 753, 4: 27, 5: 1287, 6: 824, 7: 1938, 8: 4738}, 3: {0: 1579, 1: 1007, 2: 2919, 3: 59, 4: 2778, 5: 994, 6: 1818, 7: 1489, 9: 1}}
2026-01-27 16:45:32,978 - ./logs\fedml-run-0-edge-0.log - INFO - train_dl_global number = 1562
2026-01-27 16:45:32,979 - ./logs\fedml-run-0-edge-0.log - INFO - test_dl_global number = 312
2026-01-27 16:45:32,979 - ./logs\fedml-run-0-edge-0.log - INFO - client_idx = 0, local_sample_number = 10000
2026-01-27 16:45:32,979 - ./logs\fedml-run-0-edge-0.log - INFO - traindata_cls_counts = {0: {0: 1493, 1: 192, 2: 1199, 3: 3354, 4: 1764, 5: 1381, 6: 10, 7: 46, 8: 7, 9: 554}, 1: {0: 1205, 1: 2218, 2: 4, 3: 834, 4: 431, 5: 1338, 6: 2348, 7: 1527, 8: 255, 9: 4445}, 2: {0: 723, 1: 1583, 2: 878, 3: 753, 4: 27, 5: 1287, 6: 824, 7: 1938, 8: 4738}, 3: {0: 1579, 1: 1007, 2: 2919, 3: 59, 4: 2778, 5: 994, 6: 1818, 7: 1489, 9: 1}}
2026-01-27 16:45:32,980 - ./logs\fedml-run-0-edge-0.log - INFO - N = 50000
2026-01-27 16:45:32,981 - ./logs\fedml-run-0-edge-0.log - INFO - traindata_cls_counts = {0: {0: 1493, 1: 192, 2: 1199, 3: 3354, 4: 1764, 5: 1381, 6: 10, 7: 46, 8: 7, 9: 554}, 1: {0: 1205, 1: 2218, 2: 4, 3: 834, 4: 431, 5: 1338, 6: 2348, 7: 1527, 8: 255, 9: 4445}, 2: {0: 723, 1: 1583, 2: 878, 3: 753, 4: 27, 5: 1287, 6: 824, 7: 1938, 8: 4738}, 3: {0: 1579, 1: 1007, 2: 2919, 3: 59, 4: 2778, 5: 994, 6: 1818, 7: 1489, 9: 1}}
2026-01-27 16:45:32,981 - ./logs\fedml-run-0-edge-0.log - INFO - train_dl_global number = 1562
2026-01-27 16:45:32,981 - ./logs\fedml-run-0-edge-0.log - INFO - test_dl_global number = 312
2026-01-27 16:45:32,981 - ./logs\fedml-run-0-edge-0.log - INFO - client_idx = 0, local_sample_number = 10000
2026-01-27 16:45:32,982 - ./logs\fedml-run-0-edge-0.log - INFO - train_dl_global number = 1562
2026-01-27 16:45:32,982 - ./logs\fedml-run-0-edge-0.log - INFO - test_dl_global number = 312
2026-01-27 16:45:32,982 - ./logs\fedml-run-0-edge-0.log - INFO - client_idx = 0, local_sample_number = 10000
2026-01-27 16:45:32,999 - ./logs\fedml-run-0-edge-0.log - INFO - client_idx = 0, batch_num_train_local = 312, batch_num_test_local = 312
2026-01-27 16:45:33,000 - ./logs\fedml-run-0-edge-0.log - INFO - client_idx = 1, local_sample_number = 14605
2026-01-27 16:45:33,006 - ./logs\fedml-run-0-edge-0.log - INFO - client_idx = 0, batch_num_train_local = 312, batch_num_test_local = 312
2026-01-27 16:45:33,007 - ./logs\fedml-run-0-edge-0.log - INFO - client_idx = 1, local_sample_number = 14605
2026-01-27 16:45:33,010 - ./logs\fedml-run-0-edge-0.log - INFO - traindata_cls_counts = {0: {0: 1493, 1: 192, 2: 1199, 3: 3354, 4: 1764, 5: 1381, 6: 10, 7: 46, 8: 7, 9: 554}, 1: {0: 1205, 1: 2218, 2: 4, 3: 834, 4: 431, 5: 1338, 6: 2348, 7: 1527, 8: 255, 9: 4445}, 2: {0: 723, 1: 1583, 2: 878, 3: 753, 4: 27, 5: 1287, 6: 824, 7: 1938, 8: 4738}, 3: {0: 1579, 1: 1007, 2: 2919, 3: 59, 4: 2778, 5: 994, 6: 1818, 7: 1489, 9: 1}}
2026-01-27 16:45:33,012 - ./logs\fedml-run-0-edge-0.log - INFO - client_idx = 0, batch_num_train_local = 312, batch_num_test_local = 312
2026-01-27 16:45:33,013 - ./logs\fedml-run-0-edge-0.log - INFO - test_dl_global number = 312
2026-01-27 16:45:33,013 - ./logs\fedml-run-0-edge-0.log - INFO - client_idx = 1, local_sample_number = 14605
2026-01-27 16:45:33,013 - ./logs\fedml-run-0-edge-0.log - INFO - client_idx = 0, local_sample_number = 10000
2026-01-27 16:45:33,016 - ./logs\fedml-run-0-edge-0.log - INFO - client_idx = 0, batch_num_train_local = 312, batch_num_test_local = 312
2026-01-27 16:45:33,016 - ./logs\fedml-run-0-edge-0.log - INFO - client_idx = 1, local_sample_number = 14605
2026-01-27 16:45:33,052 - ./logs\fedml-run-0-edge-0.log - INFO - client_idx = 1, batch_num_train_local = 456, batch_num_test_local = 312
2026-01-27 16:45:33,052 - ./logs\fedml-run-0-edge-0.log - INFO - client_idx = 0, batch_num_train_local = 312, batch_num_test_local = 312
2026-01-27 16:45:33,052 - ./logs\fedml-run-0-edge-0.log - INFO - client_idx = 1, local_sample_number = 14605
2026-01-27 16:45:33,059 - ./logs\fedml-run-0-edge-0.log - INFO - client_idx = 1, batch_num_train_local = 456, batch_num_test_local = 312
2026-01-27 16:45:33,060 - ./logs\fedml-run-0-edge-0.log - INFO - client_idx = 2, local_sample_number = 12751
2026-01-27 16:45:33,077 - ./logs\fedml-run-0-edge-0.log - INFO - client_idx = 1, batch_num_train_local = 456, batch_num_test_local = 312
2026-01-27 16:45:33,078 - ./logs\fedml-run-0-edge-0.log - INFO - client_idx = 2, local_sample_number = 12751
2026-01-27 16:45:33,081 - ./logs\fedml-run-0-edge-0.log - INFO - client_idx = 1, batch_num_train_local = 456, batch_num_test_local = 312
2026-01-27 16:45:33,081 - ./logs\fedml-run-0-edge-0.log - INFO - client_idx = 2, local_sample_number = 12751
2026-01-27 16:45:33,102 - ./logs\fedml-run-0-edge-0.log - INFO - client_idx = 2, batch_num_train_local = 398, batch_num_test_local = 312
2026-01-27 16:45:33,103 - ./logs\fedml-run-0-edge-0.log - INFO - client_idx = 3, local_sample_number = 12644
2026-01-27 16:45:33,108 - ./logs\fedml-run-0-edge-0.log - INFO - client_idx = 2, batch_num_train_local = 398, batch_num_test_local = 312
2026-01-27 16:45:33,109 - ./logs\fedml-run-0-edge-0.log - INFO - client_idx = 3, local_sample_number = 12644
2026-01-27 16:45:33,135 - ./logs\fedml-run-0-edge-0.log - INFO - client_idx = 2, batch_num_train_local = 398, batch_num_test_local = 312
2026-01-27 16:45:33,135 - ./logs\fedml-run-0-edge-0.log - INFO - client_idx = 3, local_sample_number = 12644
2026-01-27 16:45:33,137 - ./logs\fedml-run-0-edge-0.log - INFO - client_idx = 1, batch_num_train_local = 456, batch_num_test_local = 312
2026-01-27 16:45:33,137 - ./logs\fedml-run-0-edge-0.log - INFO - client_idx = 2, local_sample_number = 12751
2026-01-27 16:45:33,139 - ./logs\fedml-run-0-edge-0.log - INFO - client_idx = 2, batch_num_train_local = 398, batch_num_test_local = 312
2026-01-27 16:45:33,140 - ./logs\fedml-run-0-edge-0.log - INFO - client_idx = 3, local_sample_number = 12644
2026-01-27 16:45:33,153 - ./logs\fedml-run-0-edge-0.log - INFO - client_idx = 3, batch_num_train_local = 395, batch_num_test_local = 312
2026-01-27 16:45:33,154 - ./logs\fedml-run-0-edge-0.log - INFO - Dataset loaded, num_classes: 10
2026-01-27 16:45:33,167 - ./logs\fedml-run-0-edge-0.log - INFO - client_idx = 3, batch_num_train_local = 395, batch_num_test_local = 312
2026-01-27 16:45:33,167 - ./logs\fedml-run-0-edge-0.log - INFO - Dataset loaded, num_classes: 10
2026-01-27 16:45:33,182 - ./logs\fedml-run-0-edge-0.log - INFO - client_idx = 3, batch_num_train_local = 395, batch_num_test_local = 312
2026-01-27 16:45:33,182 - ./logs\fedml-run-0-edge-0.log - INFO - Dataset loaded, num_classes: 10
2026-01-27 16:45:33,188 - ./logs\fedml-run-0-edge-0.log - INFO - client_idx = 2, batch_num_train_local = 398, batch_num_test_local = 312
2026-01-27 16:45:33,188 - ./logs\fedml-run-0-edge-0.log - INFO - client_idx = 3, local_sample_number = 12644
2026-01-27 16:45:33,191 - ./logs\fedml-run-0-edge-0.log - INFO - client_idx = 3, batch_num_train_local = 395, batch_num_test_local = 312
2026-01-27 16:45:33,192 - ./logs\fedml-run-0-edge-0.log - INFO - Dataset loaded, num_classes: 10
2026-01-27 16:45:33,193 - ./logs\fedml-run-0-edge-0.log - INFO - Model initialized on cpu, feature_dim=512, in_channels=3
2026-01-27 16:45:33,195 - ./logs\fedml-run-0-edge-0.log - INFO - Model initialized on cpu, feature_dim=512, in_channels=3
2026-01-27 16:45:33,203 - ./logs\fedml-run-0-edge-0.log - INFO - Model initialized on cpu, feature_dim=512, in_channels=3
2026-01-27 16:45:33,214 - ./logs\fedml-run-0-edge-0.log - INFO - client_idx = 3, batch_num_train_local = 395, batch_num_test_local = 312
2026-01-27 16:45:33,215 - ./logs\fedml-run-0-edge-0.log - INFO - Dataset loaded, num_classes: 10
2026-01-27 16:45:33,217 - ./logs\fedml-run-0-edge-0.log - INFO - Model initialized on cpu, feature_dim=512, in_channels=3
2026-01-27 16:45:33,227 - ./logs\fedml-run-0-edge-0.log - INFO - ProtoStorageManager initialized at G:\wang\2026.1.23fedproto and fedtgp\FedML-master\FedML-master\fedml_fedtgp\proto_storage
2026-01-27 16:45:33,228 - ./logs\fedml-run-0-edge-0.log - INFO - FedTGPTrainer initialized for client 0
2026-01-27 16:45:33,228 - ./logs\fedml-run-0-edge-0.log - INFO - FedTGPTrainer initialized for client 0
2026-01-27 16:45:33,228 - ./logs\fedml-run-0-edge-0.log - INFO - ProtoStorageManager initialized at G:\wang\2026.1.23fedproto and fedtgp\FedML-master\FedML-master\fedml_fedtgp\proto_storage
2026-01-27 16:45:33,228 - ./logs\fedml-run-0-edge-0.log - INFO - contribution_alg is not set, assessor is None
2026-01-27 16:45:33,228 - ./logs\fedml-run-0-edge-0.log - INFO - contribution_alg is not set, assessor is None
2026-01-27 16:45:33,228 - ./logs\fedml-run-0-edge-0.log - INFO - FedTGPTrainer initialized for client 0
2026-01-27 16:45:33,228 - ./logs\fedml-run-0-edge-0.log - INFO - ProtoStorageManager initialized at G:\wang\2026.1.23fedproto and fedtgp\FedML-master\FedML-master\fedml_fedtgp\proto_storage
2026-01-27 16:45:33,228 - ./logs\fedml-run-0-edge-0.log - INFO - contribution_alg is not set, assessor is None
2026-01-27 16:45:33,228 - ./logs\fedml-run-0-edge-0.log - INFO - FedTGPTrainer initialized for client 0
2026-01-27 16:45:33,228 - ./logs\fedml-run-0-edge-0.log - INFO - contribution_alg is not set, assessor is None
2026-01-27 16:45:33,229 - ./logs\fedml-run-0-edge-0.log - INFO - ProtoStorageManager initialized at G:\wang\2026.1.23fedproto and fedtgp\FedML-master\FedML-master\fedml_fedtgp\proto_storage
2026-01-27 16:45:33,229 - ./logs\fedml-run-0-edge-0.log - INFO - ProtoStorageManager initialized at G:\wang\2026.1.23fedproto and fedtgp\FedML-master\FedML-master\fedml_fedtgp\proto_storage
2026-01-27 16:45:33,229 - ./logs\fedml-run-0-edge-0.log - INFO - ProtoStorageManager initialized at G:\wang\2026.1.23fedproto and fedtgp\FedML-master\FedML-master\fedml_fedtgp\proto_storage
2026-01-27 16:45:33,229 - ./logs\fedml-run-0-edge-0.log - INFO - ProtoStorageManager initialized at G:\wang\2026.1.23fedproto and fedtgp\FedML-master\FedML-master\fedml_fedtgp\proto_storage
2026-01-27 16:45:33,233 - ./logs\fedml-run-0-edge-0.log - WARNING - Global protos not found for round 0
2026-01-27 16:45:33,233 - ./logs\fedml-run-0-edge-0.log - WARNING - Global protos not found for round 0
2026-01-27 16:45:33,233 - ./logs\fedml-run-0-edge-0.log - WARNING - Global protos not found for round 0
2026-01-27 16:45:33,233 - ./logs\fedml-run-0-edge-0.log - INFO - FedTGPAggregator initialized, num_classes=10, device=cpu
2026-01-27 16:45:33,233 - ./logs\fedml-run-0-edge-0.log - INFO - FedTGPAggregator initialized, num_classes=10, device=cpu
2026-01-27 16:45:33,233 - ./logs\fedml-run-0-edge-0.log - INFO - ============================================================
2026-01-27 16:45:33,233 - ./logs\fedml-run-0-edge-0.log - INFO - FedTGPAggregator initialized, num_classes=10, device=cpu
2026-01-27 16:45:33,233 - ./logs\fedml-run-0-edge-0.log - WARNING - Global protos not found for round 0
2026-01-27 16:45:33,233 - ./logs\fedml-run-0-edge-0.log - INFO - FedTGP Configuration:
2026-01-27 16:45:33,233 - ./logs\fedml-run-0-edge-0.log - INFO - ============================================================
2026-01-27 16:45:33,233 - ./logs\fedml-run-0-edge-0.log - INFO - ============================================================
2026-01-27 16:45:33,233 - ./logs\fedml-run-0-edge-0.log - INFO -   Dataset: cifar10
2026-01-27 16:45:33,233 - ./logs\fedml-run-0-edge-0.log - INFO - FedTGPAggregator initialized, num_classes=10, device=cpu
2026-01-27 16:45:33,233 - ./logs\fedml-run-0-edge-0.log - INFO - FedTGP Configuration:
2026-01-27 16:45:33,233 - ./logs\fedml-run-0-edge-0.log - INFO -   Num Clients: 4
2026-01-27 16:45:33,233 - ./logs\fedml-run-0-edge-0.log - INFO -   Dataset: cifar10
2026-01-27 16:45:33,233 - ./logs\fedml-run-0-edge-0.log - INFO - ============================================================
2026-01-27 16:45:33,234 - ./logs\fedml-run-0-edge-0.log - INFO -   Dataset: cifar10
2026-01-27 16:45:33,234 - ./logs\fedml-run-0-edge-0.log - INFO -   Client per Round: 2
2026-01-27 16:45:33,234 - ./logs\fedml-run-0-edge-0.log - INFO -   Num Clients: 4
2026-01-27 16:45:33,234 - ./logs\fedml-run-0-edge-0.log - INFO - FedTGP Configuration:
2026-01-27 16:45:33,234 - ./logs\fedml-run-0-edge-0.log - INFO -   Num Clients: 4
2026-01-27 16:45:33,234 - ./logs\fedml-run-0-edge-0.log - INFO -   Comm Rounds: 5
2026-01-27 16:45:33,234 - ./logs\fedml-run-0-edge-0.log - INFO -   Client per Round: 2
2026-01-27 16:45:33,234 - ./logs\fedml-run-0-edge-0.log - INFO -   Dataset: cifar10
2026-01-27 16:45:33,234 - ./logs\fedml-run-0-edge-0.log - INFO -   Client per Round: 2
2026-01-27 16:45:33,234 - ./logs\fedml-run-0-edge-0.log - INFO -   Comm Rounds: 5
2026-01-27 16:45:33,234 - ./logs\fedml-run-0-edge-0.log - INFO -   Num Clients: 4
2026-01-27 16:45:33,234 - ./logs\fedml-run-0-edge-0.log - INFO -   Lambda: 10.0
2026-01-27 16:45:33,234 - ./logs\fedml-run-0-edge-0.log - INFO -   Comm Rounds: 5
2026-01-27 16:45:33,234 - ./logs\fedml-run-0-edge-0.log - INFO -   Local Epochs: 2
2026-01-27 16:45:33,234 - ./logs\fedml-run-0-edge-0.log - INFO -   Client per Round: 2
2026-01-27 16:45:33,234 - ./logs\fedml-run-0-edge-0.log - INFO -   Feature Dim: 512
2026-01-27 16:45:33,234 - ./logs\fedml-run-0-edge-0.log - INFO -   Local Epochs: 2
2026-01-27 16:45:33,234 - ./logs\fedml-run-0-edge-0.log - INFO -   Comm Rounds: 5
2026-01-27 16:45:33,234 - ./logs\fedml-run-0-edge-0.log - INFO -   Server Epochs: 5
2026-01-27 16:45:33,234 - ./logs\fedml-run-0-edge-0.log - INFO -   Feature Dim: 512
2026-01-27 16:45:33,234 - ./logs\fedml-run-0-edge-0.log - INFO -   Lambda: 10.0
2026-01-27 16:45:33,234 - ./logs\fedml-run-0-edge-0.log - INFO -   Local Epochs: 2
2026-01-27 16:45:33,234 - ./logs\fedml-run-0-edge-0.log - INFO -   Proto Storage: ./proto_storage
2026-01-27 16:45:33,234 - ./logs\fedml-run-0-edge-0.log - INFO -   Server Epochs: 5
2026-01-27 16:45:33,234 - ./logs\fedml-run-0-edge-0.log - INFO -   Feature Dim: 512
2026-01-27 16:45:33,234 - ./logs\fedml-run-0-edge-0.log - INFO -   Lambda: 10.0
2026-01-27 16:45:33,234 - ./logs\fedml-run-0-edge-0.log - INFO - ============================================================
2026-01-27 16:45:33,234 - ./logs\fedml-run-0-edge-0.log - INFO -   Proto Storage: ./proto_storage
2026-01-27 16:45:33,234 - ./logs\fedml-run-0-edge-0.log - INFO -   Server Epochs: 5
2026-01-27 16:45:33,234 - ./logs\fedml-run-0-edge-0.log - INFO -   Feature Dim: 512
2026-01-27 16:45:33,234 - ./logs\fedml-run-0-edge-0.log - INFO - ============================================================
2026-01-27 16:45:33,234 - ./logs\fedml-run-0-edge-0.log - INFO -   Server Epochs: 5
2026-01-27 16:45:33,235 - ./logs\fedml-run-0-edge-0.log - INFO - ============================================================
2026-01-27 16:45:33,235 - ./logs\fedml-run-0-edge-0.log - INFO -   Proto Storage: ./proto_storage
2026-01-27 16:45:33,235 - ./logs\fedml-run-0-edge-0.log - INFO - ============================================================
2026-01-27 16:45:33,235 - ./logs\fedml-run-0-edge-0.log - INFO - Model initialized on cpu, feature_dim=512, in_channels=3
2026-01-27 16:45:33,236 - ./logs\fedml-run-0-edge-0.log - INFO - ProtoStorageManager initialized at G:\wang\2026.1.23fedproto and fedtgp\FedML-master\FedML-master\fedml_fedtgp\proto_storage
2026-01-27 16:45:33,236 - ./logs\fedml-run-0-edge-0.log - INFO - FedTGPTrainer initialized for client 0
2026-01-27 16:45:33,236 - ./logs\fedml-run-0-edge-0.log - INFO - contribution_alg is not set, assessor is None
2026-01-27 16:45:33,238 - ./logs\fedml-run-0-edge-0.log - INFO - ProtoStorageManager initialized at G:\wang\2026.1.23fedproto and fedtgp\FedML-master\FedML-master\fedml_fedtgp\proto_storage
2026-01-27 16:45:33,244 - ./logs\fedml-run-0-edge-0.log - WARNING - Global protos not found for round 0
2026-01-27 16:45:33,244 - ./logs\fedml-run-0-edge-0.log - INFO - FedTGPAggregator initialized, num_classes=10, device=cpu
2026-01-27 16:45:33,244 - ./logs\fedml-run-0-edge-0.log - INFO - ============================================================
2026-01-27 16:45:33,244 - ./logs\fedml-run-0-edge-0.log - INFO - FedTGP Configuration:
2026-01-27 16:45:33,245 - ./logs\fedml-run-0-edge-0.log - INFO -   Dataset: cifar10
2026-01-27 16:45:33,245 - ./logs\fedml-run-0-edge-0.log - INFO -   Num Clients: 4
2026-01-27 16:45:33,245 - ./logs\fedml-run-0-edge-0.log - INFO -   Client per Round: 2
2026-01-27 16:45:33,245 - ./logs\fedml-run-0-edge-0.log - INFO -   Comm Rounds: 5
2026-01-27 16:45:33,245 - ./logs\fedml-run-0-edge-0.log - INFO -   Local Epochs: 2
2026-01-27 16:45:33,245 - ./logs\fedml-run-0-edge-0.log - INFO -   Lambda: 10.0
2026-01-27 16:45:33,245 - ./logs\fedml-run-0-edge-0.log - INFO -   Feature Dim: 512
2026-01-27 16:45:33,245 - ./logs\fedml-run-0-edge-0.log - INFO -   Server Epochs: 5
2026-01-27 16:45:33,245 - ./logs\fedml-run-0-edge-0.log - INFO -   Proto Storage: ./proto_storage
2026-01-27 16:45:33,245 - ./logs\fedml-run-0-edge-0.log - INFO - ============================================================
2026-01-27 16:45:33,941 - ./logs\fedml-run-0-edge-0.log - INFO - running
2026-01-27 16:45:33,941 - ./logs\fedml-run-0-edge-0.log - INFO - communication backend is alive (loop_forever, sender 0 to receiver 0)
2026-01-27 16:45:33,941 - ./logs\fedml-run-0-edge-0.log - INFO - running
2026-01-27 16:45:33,941 - ./logs\fedml-run-0-edge-0.log - INFO - running
2026-01-27 16:45:33,941 - ./logs\fedml-run-0-edge-0.log - WARNING - Cannot handle connection ready.
2026-01-27 16:45:33,941 - ./logs\fedml-run-0-edge-0.log - INFO - communication backend is alive (loop_forever, sender 0 to receiver 0)
2026-01-27 16:45:33,941 - ./logs\fedml-run-0-edge-0.log - INFO - running
2026-01-27 16:45:33,941 - ./logs\fedml-run-0-edge-0.log - INFO - communication backend is alive (loop_forever, sender 0 to receiver 0)
2026-01-27 16:45:33,941 - ./logs\fedml-run-0-edge-0.log - WARNING - Cannot handle connection ready.
2026-01-27 16:45:33,941 - ./logs\fedml-run-0-edge-0.log - INFO - communication backend is alive (loop_forever, sender 0 to receiver 0)
2026-01-27 16:45:33,941 - ./logs\fedml-run-0-edge-0.log - WARNING - Cannot handle connection ready.
2026-01-27 16:45:33,942 - ./logs\fedml-run-0-edge-0.log - WARNING - Cannot handle connection ready.
2026-01-27 16:45:33,943 - ./logs\fedml-run-0-edge-0.log - INFO - client_indexes = [2 3]
2026-01-27 16:45:33,988 - ./logs\fedml-run-0-edge-0.log - INFO - receive_message. msg_type = 1, sender_id = 0, receiver_id = 1
2026-01-27 16:45:33,992 - ./logs\fedml-run-0-edge-0.log - INFO - #######training########### round_id = 0
2026-01-27 16:45:33,993 - ./logs\fedml-run-0-edge-0.log - INFO - Client 0 starting training for round 0
2026-01-27 16:45:34,007 - ./logs\fedml-run-0-edge-0.log - ERROR - Error in FedTGP training: index 2 is out of bounds for axis 0 with size 2
2026-01-27 16:45:34,010 - ./logs\fedml-run-0-edge-0.log - INFO - Trying alternative mode...
2026-01-27 16:45:34,010 - ./logs\fedml-run-0-edge-0.log - INFO - Starting standalone FedTGP training...
2026-01-27 16:45:34,012 - ./logs\fedml-run-0-edge-0.log - INFO - ProtoStorageManager initialized at G:\wang\2026.1.23fedproto and fedtgp\FedML-master\FedML-master\fedml_fedtgp\proto_storage
2026-01-27 16:45:34,012 - ./logs\fedml-run-0-edge-0.log - INFO - FedTGPTrainer initialized for client 0
2026-01-27 16:45:34,012 - ./logs\fedml-run-0-edge-0.log - INFO - contribution_alg is not set, assessor is None
2026-01-27 16:45:34,013 - ./logs\fedml-run-0-edge-0.log - INFO - ProtoStorageManager initialized at G:\wang\2026.1.23fedproto and fedtgp\FedML-master\FedML-master\fedml_fedtgp\proto_storage
2026-01-27 16:45:34,015 - ./logs\fedml-run-0-edge-0.log - WARNING - Global protos not found for round 0
2026-01-27 16:45:34,016 - ./logs\fedml-run-0-edge-0.log - INFO - FedTGPAggregator initialized, num_classes=10, device=cpu
2026-01-27 16:45:34,016 - ./logs\fedml-run-0-edge-0.log - INFO - 
============================================================
2026-01-27 16:45:34,016 - ./logs\fedml-run-0-edge-0.log - INFO - Round 1/5
2026-01-27 16:45:34,016 - ./logs\fedml-run-0-edge-0.log - INFO - ============================================================
2026-01-27 16:45:34,016 - ./logs\fedml-run-0-edge-0.log - INFO - Training client 0
2026-01-27 16:45:34,016 - ./logs\fedml-run-0-edge-0.log - INFO - Training client 1
2026-01-27 16:45:34,016 - ./logs\fedml-run-0-edge-0.log - INFO - Training client 2
2026-01-27 16:45:34,016 - ./logs\fedml-run-0-edge-0.log - INFO - Server: Starting aggregation for round 0
2026-01-27 16:45:34,016 - ./logs\fedml-run-0-edge-0.log - WARNING - No data to aggregate
2026-01-27 16:45:34,016 - ./logs\fedml-run-0-edge-0.log - INFO - Round 1 completed
2026-01-27 16:45:34,016 - ./logs\fedml-run-0-edge-0.log - INFO - 
============================================================
2026-01-27 16:45:34,017 - ./logs\fedml-run-0-edge-0.log - INFO - Round 2/5
2026-01-27 16:45:34,017 - ./logs\fedml-run-0-edge-0.log - INFO - ============================================================
2026-01-27 16:45:34,017 - ./logs\fedml-run-0-edge-0.log - INFO - Training client 0
2026-01-27 16:45:34,017 - ./logs\fedml-run-0-edge-0.log - INFO - Training client 1
2026-01-27 16:45:34,017 - ./logs\fedml-run-0-edge-0.log - INFO - Training client 2
2026-01-27 16:45:34,017 - ./logs\fedml-run-0-edge-0.log - INFO - Server: Starting aggregation for round 1
2026-01-27 16:45:34,017 - ./logs\fedml-run-0-edge-0.log - WARNING - No data to aggregate
2026-01-27 16:45:34,017 - ./logs\fedml-run-0-edge-0.log - INFO - Round 2 completed
2026-01-27 16:45:34,018 - ./logs\fedml-run-0-edge-0.log - INFO - 
============================================================
2026-01-27 16:45:34,018 - ./logs\fedml-run-0-edge-0.log - INFO - Round 3/5
2026-01-27 16:45:34,018 - ./logs\fedml-run-0-edge-0.log - INFO - ============================================================
2026-01-27 16:45:34,018 - ./logs\fedml-run-0-edge-0.log - INFO - Training client 0
2026-01-27 16:45:34,018 - ./logs\fedml-run-0-edge-0.log - INFO - Training client 1
2026-01-27 16:45:34,018 - ./logs\fedml-run-0-edge-0.log - INFO - Training client 2
2026-01-27 16:45:34,018 - ./logs\fedml-run-0-edge-0.log - INFO - Server: Starting aggregation for round 2
2026-01-27 16:45:34,018 - ./logs\fedml-run-0-edge-0.log - WARNING - No data to aggregate
2026-01-27 16:45:34,019 - ./logs\fedml-run-0-edge-0.log - INFO - Round 3 completed
2026-01-27 16:45:34,019 - ./logs\fedml-run-0-edge-0.log - INFO - 
============================================================
2026-01-27 16:45:34,019 - ./logs\fedml-run-0-edge-0.log - INFO - Round 4/5
2026-01-27 16:45:34,019 - ./logs\fedml-run-0-edge-0.log - INFO - ============================================================
2026-01-27 16:45:34,020 - ./logs\fedml-run-0-edge-0.log - INFO - Training client 0
2026-01-27 16:45:34,020 - ./logs\fedml-run-0-edge-0.log - INFO - Training client 1
2026-01-27 16:45:34,020 - ./logs\fedml-run-0-edge-0.log - INFO - Training client 2
2026-01-27 16:45:34,020 - ./logs\fedml-run-0-edge-0.log - INFO - Server: Starting aggregation for round 3
2026-01-27 16:45:34,020 - ./logs\fedml-run-0-edge-0.log - INFO - receive_message. msg_type = 1, sender_id = 0, receiver_id = 2
2026-01-27 16:45:34,020 - ./logs\fedml-run-0-edge-0.log - WARNING - No data to aggregate
2026-01-27 16:45:34,020 - ./logs\fedml-run-0-edge-0.log - INFO - Round 4 completed
2026-01-27 16:45:34,020 - ./logs\fedml-run-0-edge-0.log - INFO - 
============================================================
2026-01-27 16:45:34,020 - ./logs\fedml-run-0-edge-0.log - INFO - Round 5/5
2026-01-27 16:45:34,020 - ./logs\fedml-run-0-edge-0.log - INFO - ============================================================
2026-01-27 16:45:34,020 - ./logs\fedml-run-0-edge-0.log - INFO - Training client 0
2026-01-27 16:45:34,020 - ./logs\fedml-run-0-edge-0.log - INFO - Training client 1
2026-01-27 16:45:34,020 - ./logs\fedml-run-0-edge-0.log - INFO - Training client 2
2026-01-27 16:45:34,021 - ./logs\fedml-run-0-edge-0.log - INFO - Server: Starting aggregation for round 4
2026-01-27 16:45:34,021 - ./logs\fedml-run-0-edge-0.log - WARNING - No data to aggregate
2026-01-27 16:45:34,021 - ./logs\fedml-run-0-edge-0.log - INFO - Round 5 completed
2026-01-27 16:45:34,021 - ./logs\fedml-run-0-edge-0.log - INFO - Standalone training completed!
2026-01-27 16:45:34,022 - ./logs\fedml-run-0-edge-0.log - INFO - #######training########### round_id = 0
2026-01-27 16:45:34,023 - ./logs\fedml-run-0-edge-0.log - INFO - Client 1 starting training for round 0
2026-01-27 16:45:55,088 - ./logs\fedml-run-0-edge-0.log - INFO - Client 1 Epoch 0, Loss: 1.9088
2026-01-27 16:45:55,277 - ./logs\fedml-run-0-edge-0.log - INFO - Client 0 Epoch 0, Loss: 1.7550
2026-01-27 16:46:15,537 - ./logs\fedml-run-0-edge-0.log - INFO - Client 1 Epoch 1, Loss: 1.7132
2026-01-27 16:46:15,571 - ./logs\fedml-run-0-edge-0.log - INFO - Saved client 1 protos for round 0 to ./proto_storage\clients\client_1\client_1_round_0.pt
2026-01-27 16:46:15,571 - ./logs\fedml-run-0-edge-0.log - INFO - Client 1 finished training, collected 9 protos
2026-01-27 16:46:15,832 - ./logs\fedml-run-0-edge-0.log - INFO - Client 0 Epoch 1, Loss: 1.4949
2026-01-27 16:46:15,851 - ./logs\fedml-run-0-edge-0.log - INFO - Saved client 0 protos for round 0 to ./proto_storage\clients\client_0\client_0_round_0.pt
2026-01-27 16:46:15,851 - ./logs\fedml-run-0-edge-0.log - INFO - Client 0 finished training, collected 9 protos
